2020-10-23 10:46:48,077 - autotest - INFO - 当前执行测试用例ID-> test_createrole001.1 ; 测试点-> 输入正确的内容正常创建角色
2020-10-23 10:46:50,950 - autotest - INFO - 检查点>我是角色名称,我是角色说明
2020-10-23 10:46:51,281 - autotest - INFO - 成功创建，返回实际结果是->: 我是角色名称,我是角色说明
2020-10-23 10:46:51,918 - autotest - INFO - 当前执行测试用例ID-> test_createrole001.2 ; 测试点-> 角色名称为空时创建
2020-10-23 10:46:53,961 - autotest - INFO - 检查点>请输入角色名称
2020-10-23 10:46:54,134 - autotest - INFO - 角色名称为空，返回实际结果是->: 请输入角色名称
2020-10-23 10:47:06,281 - autotest - INFO - 当前执行测试用例ID-> test_login001.1 ; 测试点-> 帐号和密码为空登录
2020-10-23 10:47:07,673 - autotest - INFO - 检查点>帐号和密码为空登录
2020-10-23 10:47:07,810 - autotest - INFO - 异常登录，返回实际结果是->: 请输入账号
2020-10-23 10:47:16,085 - autotest - INFO - 当前执行测试用例ID-> test_login001.2 ; 测试点-> 帐号为空登录
2020-10-23 10:47:17,549 - autotest - INFO - 检查点>: 请输入账号
2020-10-23 10:47:17,685 - autotest - INFO - 异常登录，返回实际结果是->: 请输入账号
2020-10-23 10:47:25,152 - autotest - INFO - 当前执行测试用例ID-> test_login001.3 ; 测试点-> 密码为空登录
2020-10-23 10:47:26,742 - autotest - INFO - 检查点>请输入密码
2020-10-23 10:47:26,861 - autotest - INFO - 异常登录，返回实际结果是->: 请输入密码
2020-10-23 10:47:35,583 - autotest - INFO - 当前执行测试用例ID-> test_login001.4 ; 测试点-> 非法帐号登录
2020-10-23 10:47:37,112 - autotest - INFO - 检查点>错误：1：用户名或密码错误！
2020-10-23 10:47:37,228 - autotest - INFO - 异常登录，返回实际结果是->: 错误：1：用户名或密码错误！
2020-10-23 10:47:45,830 - autotest - INFO - 当前执行测试用例ID-> test_login001.5 ; 测试点-> 手机号或密码不匹配
2020-10-23 10:47:47,353 - autotest - INFO - 检查点>错误：1：用户名或密码错误！
2020-10-23 10:47:47,453 - autotest - INFO - 异常登录，返回实际结果是->: 错误：1：用户名或密码错误！
2020-10-23 10:47:55,305 - autotest - INFO - 当前执行测试用例ID-> test_login001.6 ; 测试点-> 帐号和密码正确
2020-10-23 10:47:56,887 - autotest - INFO - 检查点>1222
2020-10-23 10:47:57,024 - autotest - INFO - 成功登录，返回实际结果是->: 1222
2020-10-23 10:47:57,417 - autotest - INFO - -----> 开始执行退出流程操作
2020-10-23 10:47:59,931 - autotest - INFO - 检查点-> 找到登录元素,表示退出成功！
2020-10-23 10:48:00,154 - autotest - INFO - 退出登录，返回实际结果是->: 登录
